0 info it worked if it ends with ok
1 verbose cli [ '/Users/joachimseminck/.nvm/versions/node/v7.1.0/bin/node',
1 verbose cli   '/Users/joachimseminck/.nvm/versions/node/v7.1.0/bin/npm',
1 verbose cli   'run',
1 verbose cli   'test',
1 verbose cli   '--',
1 verbose cli   '--listTests',
1 verbose cli   '--findRelatedTests',
1 verbose cli   'common/__tests__/a.js' ]
2 info using npm@3.10.9
3 info using node@v7.1.0
4 verbose run-script [ 'pretest', 'test', 'posttest' ]
5 info lifecycle jest-mpr-example@1.0.0~pretest: jest-mpr-example@1.0.0
6 silly lifecycle jest-mpr-example@1.0.0~pretest: no script for pretest, continuing
7 info lifecycle jest-mpr-example@1.0.0~test: jest-mpr-example@1.0.0
8 verbose lifecycle jest-mpr-example@1.0.0~test: unsafe-perm in lifecycle true
9 verbose lifecycle jest-mpr-example@1.0.0~test: PATH: /Users/joachimseminck/.nvm/versions/node/v7.1.0/lib/node_modules/npm/bin/node-gyp-bin:/Users/joachimseminck/Projects/jest-mpr-example/node_modules/.bin:/Users/joachimseminck/.nvm/versions/node/v7.1.0/bin:/usr/local/bin:/usr/bin:/bin:/usr/sbin:/sbin:/Users/joachimseminck/.rvm/bin:/usr/local/sbin:/usr/local/ec2/ec2-api-tools-1.7.5.1/bin:/Users/joachimseminck/.rvm/bin:/Users/joachimseminck/.rvm/bin:/usr/local/sbin
10 verbose lifecycle jest-mpr-example@1.0.0~test: CWD: /Users/joachimseminck/Projects/jest-mpr-example
11 silly lifecycle jest-mpr-example@1.0.0~test: Args: [ '-c',
11 silly lifecycle   'jest "--listTests" "--findRelatedTests" "common/__tests__/a.js"' ]
12 info lifecycle jest-mpr-example@1.0.0~test: Failed to exec test script
13 verbose stack Error: jest-mpr-example@1.0.0 test: `jest "--listTests" "--findRelatedTests" "common/__tests__/a.js"`
13 verbose stack spawn ENOENT
13 verbose stack     at ChildProcess.<anonymous> (/Users/joachimseminck/.nvm/versions/node/v7.1.0/lib/node_modules/npm/lib/utils/spawn.js:33:16)
13 verbose stack     at emitTwo (events.js:106:13)
13 verbose stack     at ChildProcess.emit (events.js:191:7)
13 verbose stack     at maybeClose (internal/child_process.js:885:16)
13 verbose stack     at Process.ChildProcess._handle.onexit (internal/child_process.js:226:5)
14 verbose pkgid jest-mpr-example@1.0.0
15 verbose cwd /Users/joachimseminck/Projects/jest-mpr-example
16 error Darwin 15.5.0
17 error argv "/Users/joachimseminck/.nvm/versions/node/v7.1.0/bin/node" "/Users/joachimseminck/.nvm/versions/node/v7.1.0/bin/npm" "run" "test" "--" "--listTests" "--findRelatedTests" "common/__tests__/a.js"
18 error node v7.1.0
19 error npm  v3.10.9
20 error file sh
21 error code ELIFECYCLE
22 error errno ENOENT
23 error syscall spawn
24 error jest-mpr-example@1.0.0 test: `jest "--listTests" "--findRelatedTests" "common/__tests__/a.js"`
24 error spawn ENOENT
25 error Failed at the jest-mpr-example@1.0.0 test script 'jest "--listTests" "--findRelatedTests" "common/__tests__/a.js"'.
25 error Make sure you have the latest version of node.js and npm installed.
25 error If you do, this is most likely a problem with the jest-mpr-example package,
25 error not with npm itself.
25 error Tell the author that this fails on your system:
25 error     jest "--listTests" "--findRelatedTests" "common/__tests__/a.js"
25 error You can get information on how to open an issue for this project with:
25 error     npm bugs jest-mpr-example
25 error Or if that isn't available, you can get their info via:
25 error     npm owner ls jest-mpr-example
25 error There is likely additional logging output above.
26 verbose exit [ 1, true ]
